# JRE version: Java(TM) SE Runtime Environment (7.0_80-b15) (build 1.7.0_80-b15)
# Java VM: Java HotSpot(TM) 64-Bit Server VM (24.80-b11 mixed mode windows-amd64 compressed oops)
Heap
 PSYoungGen      total 165376K, used 46845K [0x00000007c1080000, 0x00000007cd180000, 0x0000000800000000)
  eden space 143872K, 17% used [0x00000007c1080000,0x00000007c293ff48,0x00000007c9d00000)
  from space 21504K, 99% used [0x00000007cb580000,0x00000007cca7f538,0x00000007cca80000)
  to   space 25088K, 0% used [0x00000007c9d00000,0x00000007c9d00000,0x00000007cb580000)
 ParOldGen       total 128512K, used 74066K [0x0000000743200000, 0x000000074af80000, 0x00000007c1080000)
  object space 128512K, 57% used [0x0000000743200000,0x0000000747a548d0,0x000000074af80000)
 PSPermGen       total 27648K, used 27173K [0x000000073e000000, 0x000000073fb00000, 0x0000000743200000)
  object space 27648K, 98% used [0x000000073e000000,0x000000073fa89500,0x000000073fb00000)
GC Heap History (10 events):
Event: 8.711 GC heap before
{Heap before GC invocations=8 (full 0):
 PSYoungGen      total 64512K, used 63112K [0x00000007c1080000, 0x00000007c9280000, 0x0000000800000000)
  eden space 46080K, 100% used [0x00000007c1080000,0x00000007c3d80000,0x00000007c3d80000)
  from space 18432K, 92% used [0x00000007c3d80000,0x00000007c4e22158,0x00000007c4f80000)
  to   space 20480K, 0% used [0x00000007c7e80000,0x00000007c7e80000,0x00000007c9280000)
 ParOldGen       total 128512K, used 21563K [0x0000000743200000, 0x000000074af80000, 0x00000007c1080000)
  object space 128512K, 16% used [0x0000000743200000,0x000000074470ee10,0x000000074af80000)
 PSPermGen       total 26624K, used 26620K [0x000000073e000000, 0x000000073fa00000, 0x0000000743200000)
  object space 26624K, 99% used [0x000000073e000000,0x000000073f9ff2e0,0x000000073fa00000)
Event: 8.729 GC heap after
Heap after GC invocations=8 (full 0):
 PSYoungGen      total 112640K, used 14787K [0x00000007c1080000, 0x00000007c9280000, 0x0000000800000000)
  eden space 92160K, 0% used [0x00000007c1080000,0x00000007c1080000,0x00000007c6a80000)
  from space 20480K, 72% used [0x00000007c7e80000,0x00000007c8cf0f10,0x00000007c9280000)
  to   space 20480K, 0% used [0x00000007c6a80000,0x00000007c6a80000,0x00000007c7e80000)
 ParOldGen       total 128512K, used 24281K [0x0000000743200000, 0x000000074af80000, 0x00000007c1080000)
  object space 128512K, 18% used [0x0000000743200000,0x00000007449b6520,0x000000074af80000)
 PSPermGen       total 26624K, used 26620K [0x000000073e000000, 0x000000073fa00000, 0x0000000743200000)
  object space 26624K, 99% used [0x000000073e000000,0x000000073f9ff2e0,0x000000073fa00000)
}
Event: 9.167 GC heap before
{Heap before GC invocations=9 (full 0):
 PSYoungGen      total 112640K, used 106947K [0x00000007c1080000, 0x00000007c9280000, 0x0000000800000000)
  eden space 92160K, 100% used [0x00000007c1080000,0x00000007c6a80000,0x00000007c6a80000)
  from space 20480K, 72% used [0x00000007c7e80000,0x00000007c8cf0f10,0x00000007c9280000)
  to   space 20480K, 0% used [0x00000007c6a80000,0x00000007c6a80000,0x00000007c7e80000)
 ParOldGen       total 128512K, used 24281K [0x0000000743200000, 0x000000074af80000, 0x00000007c1080000)
  object space 128512K, 18% used [0x0000000743200000,0x00000007449b6520,0x000000074af80000)
 PSPermGen       total 27136K, used 26645K [0x000000073e000000, 0x000000073fa80000, 0x0000000743200000)
  object space 27136K, 98% used [0x000000073e000000,0x000000073fa05430,0x000000073fa80000)
Event: 9.186 GC heap after
Heap after GC invocations=9 (full 0):
 PSYoungGen      total 112640K, used 17706K [0x00000007c1080000, 0x00000007cca80000, 0x0000000800000000)
  eden space 92160K, 0% used [0x00000007c1080000,0x00000007c1080000,0x00000007c6a80000)
  from space 20480K, 86% used [0x00000007c6a80000,0x00000007c7bcaaf0,0x00000007c7e80000)
  to   space 21504K, 0% used [0x00000007cb580000,0x00000007cb580000,0x00000007cca80000)
 ParOldGen       total 128512K, used 28542K [0x0000000743200000, 0x000000074af80000, 0x00000007c1080000)
  object space 128512K, 22% used [0x0000000743200000,0x0000000744ddf8b0,0x000000074af80000)
 PSPermGen       total 27136K, used 26645K [0x000000073e000000, 0x000000073fa80000, 0x0000000743200000)
  object space 27136K, 98% used [0x000000073e000000,0x000000073fa05430,0x000000073fa80000)
}
Event: 9.598 GC heap before
{Heap before GC invocations=10 (full 0):
 PSYoungGen      total 112640K, used 109866K [0x00000007c1080000, 0x00000007cca80000, 0x0000000800000000)
  eden space 92160K, 100% used [0x00000007c1080000,0x00000007c6a80000,0x00000007c6a80000)
  from space 20480K, 86% used [0x00000007c6a80000,0x00000007c7bcaaf0,0x00000007c7e80000)
  to   space 21504K, 0% used [0x00000007cb580000,0x00000007cb580000,0x00000007cca80000)
 ParOldGen       total 128512K, used 28542K [0x0000000743200000, 0x000000074af80000, 0x00000007c1080000)
  object space 128512K, 22% used [0x0000000743200000,0x0000000744ddf8b0,0x000000074af80000)
 PSPermGen       total 27136K, used 26649K [0x000000073e000000, 0x000000073fa80000, 0x0000000743200000)
  object space 27136K, 98% used [0x000000073e000000,0x000000073fa067f8,0x000000073fa80000)
Event: 9.648 GC heap after
Heap after GC invocations=10 (full 0):
 PSYoungGen      total 165376K, used 21499K [0x00000007c1080000, 0x00000007cd180000, 0x0000000800000000)
  eden space 143872K, 0% used [0x00000007c1080000,0x00000007c1080000,0x00000007c9d00000)
  from space 21504K, 99% used [0x00000007cb580000,0x00000007cca7efc8,0x00000007cca80000)
  to   space 25088K, 0% used [0x00000007c9d00000,0x00000007c9d00000,0x00000007cb580000)
 ParOldGen       total 128512K, used 32412K [0x0000000743200000, 0x000000074af80000, 0x00000007c1080000)
  object space 128512K, 25% used [0x0000000743200000,0x00000007451a70e8,0x000000074af80000)
 PSPermGen       total 27136K, used 26649K [0x000000073e000000, 0x000000073fa80000, 0x0000000743200000)
  object space 27136K, 98% used [0x000000073e000000,0x000000073fa067f8,0x000000073fa80000)
}
Event: 10.499 GC heap before
{Heap before GC invocations=11 (full 0):
 PSYoungGen      total 165376K, used 165371K [0x00000007c1080000, 0x00000007cd180000, 0x0000000800000000)
  eden space 143872K, 100% used [0x00000007c1080000,0x00000007c9d00000,0x00000007c9d00000)
  from space 21504K, 99% used [0x00000007cb580000,0x00000007cca7efc8,0x00000007cca80000)
  to   space 25088K, 0% used [0x00000007c9d00000,0x00000007c9d00000,0x00000007cb580000)
 ParOldGen       total 128512K, used 32412K [0x0000000743200000, 0x000000074af80000, 0x00000007c1080000)
  object space 128512K, 25% used [0x0000000743200000,0x00000007451a70e8,0x000000074af80000)
 PSPermGen       total 27136K, used 26667K [0x000000073e000000, 0x000000073fa80000, 0x0000000743200000)
  object space 27136K, 98% used [0x000000073e000000,0x000000073fa0af20,0x000000073fa80000)
Event: 10.549 GC heap after
Heap after GC invocations=11 (full 0):
 PSYoungGen      total 168960K, used 25068K [0x00000007c1080000, 0x00000007cd180000, 0x0000000800000000)
  eden space 143872K, 0% used [0x00000007c1080000,0x00000007c1080000,0x00000007c9d00000)
  from space 25088K, 99% used [0x00000007c9d00000,0x00000007cb57b0b0,0x00000007cb580000)
  to   space 21504K, 0% used [0x00000007cb580000,0x00000007cb580000,0x00000007cca80000)
 ParOldGen       total 128512K, used 50571K [0x0000000743200000, 0x000000074af80000, 0x00000007c1080000)
  object space 128512K, 39% used [0x0000000743200000,0x0000000746362d20,0x000000074af80000)
 PSPermGen       total 27136K, used 26667K [0x000000073e000000, 0x000000073fa80000, 0x0000000743200000)
  object space 27136K, 98% used [0x000000073e000000,0x000000073fa0af20,0x000000073fa80000)
}
Event: 11.304 GC heap before
{Heap before GC invocations=12 (full 0):
 PSYoungGen      total 168960K, used 168940K [0x00000007c1080000, 0x00000007cd180000, 0x0000000800000000)
  eden space 143872K, 100% used [0x00000007c1080000,0x00000007c9d00000,0x00000007c9d00000)
  from space 25088K, 99% used [0x00000007c9d00000,0x00000007cb57b0b0,0x00000007cb580000)
  to   space 21504K, 0% used [0x00000007cb580000,0x00000007cb580000,0x00000007cca80000)
 ParOldGen       total 128512K, used 50571K [0x0000000743200000, 0x000000074af80000, 0x00000007c1080000)
  object space 128512K, 39% used [0x0000000743200000,0x0000000746362d20,0x000000074af80000)
 PSPermGen       total 27136K, used 26676K [0x000000073e000000, 0x000000073fa80000, 0x0000000743200000)
  object space 27136K, 98% used [0x000000073e000000,0x000000073fa0d3d8,0x000000073fa80000)
Event: 11.350 GC heap after
Heap after GC invocations=12 (full 0):
 PSYoungGen      total 165376K, used 21501K [0x00000007c1080000, 0x00000007cd180000, 0x0000000800000000)
  eden space 143872K, 0% used [0x00000007c1080000,0x00000007c1080000,0x00000007c9d00000)
  from space 21504K, 99% used [0x00000007cb580000,0x00000007cca7f538,0x00000007cca80000)
  to   space 25088K, 0% used [0x00000007c9d00000,0x00000007c9d00000,0x00000007cb580000)
 ParOldGen       total 128512K, used 74066K [0x0000000743200000, 0x000000074af80000, 0x00000007c1080000)
  object space 128512K, 57% used [0x0000000743200000,0x0000000747a548d0,0x000000074af80000)
 PSPermGen       total 27136K, used 26676K [0x000000073e000000, 0x000000073fa80000, 0x0000000743200000)
  object space 27136K, 98% used [0x000000073e000000,0x000000073fa0d3d8,0x000000073fa80000)
}

